<?xml version="1.0" encoding="UTF-8"?>
<!-- Generated by org.testng.reporters.JUnitReportReporter -->
<testsuite hostname="Gauravs-Air.hub" failures="0" tests="4" name="api.tests.UserTests" time="9.702" errors="0" timestamp="2024-06-29T11:41:31 NZST" skipped="0">
  <testcase classname="api.tests.UserTests" name="TestPostUser" time="3.942"/>
  <testcase classname="api.tests.UserTests" name="TestgetUser" time="1.588"/>
  <testcase classname="api.tests.UserTests" name="TestupdateUser" time="2.760"/>
  <testcase classname="api.tests.UserTests" name="TestdeleteeUser" time="1.412"/>
</testsuite> <!-- api.tests.UserTests -->
