<?xml version="1.0" encoding="UTF-8"?>
<!-- Generated by org.testng.reporters.JUnitReportReporter -->
<testsuite hostname="Gauravs-Air.hub" failures="0" tests="4" name="api.tests.UserTests2" time="9.507" errors="0" timestamp="2024-06-29T11:47:40 NZST" skipped="0">
  <testcase classname="api.tests.UserTests2" name="TestPostUser" time="3.665"/>
  <testcase classname="api.tests.UserTests2" name="TestgetUser" time="1.541"/>
  <testcase classname="api.tests.UserTests2" name="TestupdateUser" time="2.949"/>
  <testcase classname="api.tests.UserTests2" name="TestdeleteeUser" time="1.352"/>
</testsuite> <!-- api.tests.UserTests2 -->
