<?xml version="1.0" encoding="UTF-8"?>
<!-- Generated by org.testng.reporters.JUnitReportReporter -->
<testsuite hostname="Gauravs-Air.hub" failures="0" tests="6" name="api.tests.DDTests" time="13.546" errors="0" timestamp="2024-06-26T22:04:03 NZST" skipped="0">
  <testcase classname="api.tests.DDTests" name="testPostuser" time="1.316"/>
  <testcase classname="api.tests.DDTests" name="testPostuser" time="1.149"/>
  <testcase classname="api.tests.DDTests" name="testPostuser" time="7.472"/>
  <testcase classname="api.tests.DDTests" name="testDeletebyuserName" time="1.172"/>
  <testcase classname="api.tests.DDTests" name="testDeletebyuserName" time="1.231"/>
  <testcase classname="api.tests.DDTests" name="testDeletebyuserName" time="1.206"/>
</testsuite> <!-- api.tests.DDTests -->
