<?xml version="1.0" encoding="UTF-8"?>
<!-- Generated by org.testng.reporters.JUnitReportReporter -->
<testsuite hostname="Gauravs-Air.hub" failures="0" tests="4" name="api.tests.UserTests" time="10.037" errors="0" timestamp="2024-06-29T12:44:10 NZST" skipped="0">
  <testcase classname="api.tests.UserTests" name="TestPostUser" time="4.354"/>
  <testcase classname="api.tests.UserTests" name="TestgetUser" time="1.430"/>
  <testcase classname="api.tests.UserTests" name="TestupdateUser" time="3.066"/>
  <testcase classname="api.tests.UserTests" name="TestdeleteeUser" time="1.187"/>
</testsuite> <!-- api.tests.UserTests -->
