<?xml version="1.0" encoding="UTF-8"?>
<!-- Generated by org.testng.reporters.JUnitReportReporter -->
<testsuite hostname="Gauravs-Air.hub" failures="0" tests="6" name="api.tests.DDTests" time="8.362" errors="0" timestamp="2024-06-29T12:44:10 NZST" skipped="0">
  <testcase classname="api.tests.DDTests" name="testPostuser" time="1.431"/>
  <testcase classname="api.tests.DDTests" name="testPostuser" time="1.479"/>
  <testcase classname="api.tests.DDTests" name="testPostuser" time="1.329"/>
  <testcase classname="api.tests.DDTests" name="testDeletebyuserName" time="1.380"/>
  <testcase classname="api.tests.DDTests" name="testDeletebyuserName" time="1.412"/>
  <testcase classname="api.tests.DDTests" name="testDeletebyuserName" time="1.331"/>
</testsuite> <!-- api.tests.DDTests -->
